Using pre-set license
Built from '2020.2/release' branch; Version is '2020.2.2f1 (068178b99f32) revision 426360'; Using compiler version '192528614'; Build Type 'Release'
OS: 'Windows 10 Pro; OS build 19042.804; Version 2009; 64bit' Language: 'en' Physical Memory: 32553 MB
BatchMode: 1, IsHumanControllingUs: 0, StartBugReporterOnCrash: 0, Is64bit: 1, IsPro: 0

 COMMAND LINE ARGUMENTS:
C:\Program Files\Unity\Hub\Editor\2020.2.2f1\Editor\Unity.exe
-adb2
-batchMode
-noUpm
-name
AssetImportWorker0
-projectPath
C:/Users/kb/Documents/2020-22_MSC_GAMES/ALGAD/Exercises
-logFile
Logs/AssetImportWorker0.log
-srvPort
49236
Successfully changed project path to: C:/Users/kb/Documents/2020-22_MSC_GAMES/ALGAD/Exercises
C:/Users/kb/Documents/2020-22_MSC_GAMES/ALGAD/Exercises
Using Asset Import Pipeline V2.
Refreshing native plugins compatible for Editor in 43.65 ms, found 0 plugins.
Preloading 0 native plugins for Editor in 0.00 ms.
Initialize engine version: 2020.2.2f1 (068178b99f32)
[Subsystems] Discovering subsystems at path C:/Program Files/Unity/Hub/Editor/2020.2.2f1/Editor/Data/Resources/UnitySubsystems
[Subsystems] Discovering subsystems at path C:/Users/kb/Documents/2020-22_MSC_GAMES/ALGAD/Exercises/Assets
GfxDevice: creating device client; threaded=0
Direct3D:
    Version:  Direct3D 11.0 [level 11.1]
    Renderer: NVIDIA GeForce RTX 2080 Super with Max-Q Design (ID=0x1e93)
    Vendor:   
    VRAM:     8010 MB
    Driver:   27.21.14.6140
Initialize mono
Mono path[0] = 'C:/Program Files/Unity/Hub/Editor/2020.2.2f1/Editor/Data/Managed'
Mono path[1] = 'C:/Program Files/Unity/Hub/Editor/2020.2.2f1/Editor/Data/MonoBleedingEdge/lib/mono/unityjit'
Mono config path = 'C:/Program Files/Unity/Hub/Editor/2020.2.2f1/Editor/Data/MonoBleedingEdge/etc'
Using monoOptions --debugger-agent=transport=dt_socket,embedding=1,server=y,suspend=n,address=127.0.0.1:56872
Begin MonoManager ReloadAssembly
Registering precompiled unity dll's ...
Register platform support module: C:/Program Files/Unity/Hub/Editor/2020.2.2f1/Editor/Data/PlaybackEngines/WebGLSupport/UnityEditor.WebGL.Extensions.dll
Register platform support module: C:/Program Files/Unity/Hub/Editor/2020.2.2f1/Editor/Data/PlaybackEngines/WindowsStandaloneSupport/UnityEditor.WindowsStandalone.Extensions.dll
Registered in 0.003895 seconds.
Native extension for WindowsStandalone target not found
Native extension for WebGL target not found
Refreshing native plugins compatible for Editor in 45.31 ms, found 0 plugins.
Preloading 0 native plugins for Editor in 0.00 ms.
Invoked RoslynAnalysisRunner static constructor.
RoslynAnalysisRunner will not be running.
RoslynAnalysisRunner has terminated.
Mono: successfully reloaded assembly
- Completed reload, in  2.239 seconds
Platform modules already initialized, skipping
Registering precompiled user dll's ...
Registered in 0.001118 seconds.
Begin MonoManager ReloadAssembly
Native extension for WindowsStandalone target not found
Native extension for WebGL target not found
Refreshing native plugins compatible for Editor in 0.33 ms, found 0 plugins.
Preloading 0 native plugins for Editor in 0.00 ms.
Invoked RoslynAnalysisRunner static constructor.
RoslynAnalysisRunner will not be running.
RoslynAnalysisRunner has terminated.
Mono: successfully reloaded assembly
- Completed reload, in  1.531 seconds
Platform modules already initialized, skipping
========================================================================
Worker process is ready to serve import requests
Launched and connected shader compiler UnityShaderCompiler.exe after 0.08 seconds
Refreshing native plugins compatible for Editor in 0.38 ms, found 0 plugins.
Preloading 0 native plugins for Editor in 0.00 ms.
Unloading 1119 Unused Serialized files (Serialized files now loaded: 0)
System memory in use before: 57.1 MB.
System memory in use after: 57.1 MB.

Unloading 9 unused Assets to reduce memory usage. Loaded Objects now: 1561.
Total: 2.447200 ms (FindLiveObjects: 0.198000 ms CreateObjectMapping: 0.066400 ms MarkObjects: 2.085000 ms  DeleteObjects: 0.096800 ms)

========================================================================
Received Import Request.
  path: Assets/Exercises/Exercise3/Graphs/Lake.asset
  artifactKey: Guid(8067ecc19b5c9dd47a89abe407eebbb9) Importer(815301076,1909f56bfc062723c751e8b465ee728b)
Start importing Assets/Exercises/Exercise3/Graphs/Lake.asset using Guid(8067ecc19b5c9dd47a89abe407eebbb9) Importer(815301076,1909f56bfc062723c751e8b465ee728b)  -> (artifact id: 'f4c626b064ad686ba03dc0fb26fe1cd4') in 0.065789 seconds
  Import took 0.069028 seconds .

========================================================================
Received Import Request.
  Time since last request: 0.000304 seconds.
  path: Assets/Exercises/Exercise3/Graphs/Forest.asset
  artifactKey: Guid(63fbb53083ff2fb4a84e354694d8018a) Importer(815301076,1909f56bfc062723c751e8b465ee728b)
Start importing Assets/Exercises/Exercise3/Graphs/Forest.asset using Guid(63fbb53083ff2fb4a84e354694d8018a) Importer(815301076,1909f56bfc062723c751e8b465ee728b)  -> (artifact id: 'c5bdd1a766f71927492ac33f7837c79d') in 0.013524 seconds
  Import took 0.016685 seconds .

========================================================================
Received Import Request.
  Time since last request: 0.000452 seconds.
  path: Assets/Exercises/Exercise3/Graphs/15x15 U Wall.asset
  artifactKey: Guid(b7a56f4b8a0d0594cacf94e256742f25) Importer(815301076,1909f56bfc062723c751e8b465ee728b)
Start importing Assets/Exercises/Exercise3/Graphs/15x15 U Wall.asset using Guid(b7a56f4b8a0d0594cacf94e256742f25) Importer(815301076,1909f56bfc062723c751e8b465ee728b)  -> (artifact id: 'e1efe6b42241efa7f9be4a0cb9c3364a') in 0.014527 seconds
  Import took 0.018034 seconds .

========================================================================
Received Import Request.
  Time since last request: 0.000293 seconds.
  path: Assets/Exercises/Exercise3/Graphs/Simple 3x3 graph.asset
  artifactKey: Guid(e67f2c5b115f55e45b8cedcc70df29c1) Importer(815301076,1909f56bfc062723c751e8b465ee728b)
Start importing Assets/Exercises/Exercise3/Graphs/Simple 3x3 graph.asset using Guid(e67f2c5b115f55e45b8cedcc70df29c1) Importer(815301076,1909f56bfc062723c751e8b465ee728b)  -> (artifact id: '7f516ceeb1bd8df017a5db05ad1cb2b3') in 0.011531 seconds
  Import took 0.014372 seconds .

========================================================================
Received Import Request.
  Time since last request: 0.000307 seconds.
  path: Assets/Exercises/Exercise3/Graphs/15x15 Straight Wall.asset
  artifactKey: Guid(7c447c4a69eb49b4a872b99e9f20bbbf) Importer(815301076,1909f56bfc062723c751e8b465ee728b)
Start importing Assets/Exercises/Exercise3/Graphs/15x15 Straight Wall.asset using Guid(7c447c4a69eb49b4a872b99e9f20bbbf) Importer(815301076,1909f56bfc062723c751e8b465ee728b)  -> (artifact id: '18674d7169dc94dd755489ae5ef5c9ea') in 0.013184 seconds
  Import took 0.016122 seconds .

========================================================================
Received Import Request.
  Time since last request: 0.000321 seconds.
  path: Assets/Exercises/Exercise3/Graphs/Romania.asset
  artifactKey: Guid(5d353a3845f0a7540bf5c303e04a844a) Importer(815301076,1909f56bfc062723c751e8b465ee728b)
Start importing Assets/Exercises/Exercise3/Graphs/Romania.asset using Guid(5d353a3845f0a7540bf5c303e04a844a) Importer(815301076,1909f56bfc062723c751e8b465ee728b)  -> (artifact id: '9715c2366c614f93559ae3b602fce8da') in 0.012304 seconds
  Import took 0.015445 seconds .

========================================================================
Received Import Request.
  Time since last request: 1.384753 seconds.
  path: Assets/Exercises/Exercise3/Exercise3.unity
  artifactKey: Guid(9fc0d4010bbf28b4594072e72b8655ab) Importer(815301076,1909f56bfc062723c751e8b465ee728b)
Start importing Assets/Exercises/Exercise3/Exercise3.unity using Guid(9fc0d4010bbf28b4594072e72b8655ab) Importer(815301076,1909f56bfc062723c751e8b465ee728b)  -> (artifact id: '944bfba62ee8f9eec33cb2d6c07aea7a') in 0.011211 seconds
  Import took 0.014411 seconds .

========================================================================
Received Import Request.
  Time since last request: 36.638362 seconds.
  path: Assets/Exercises/Exercise3/3.1 - Breadth First Search.cs
  artifactKey: Guid(102efa025baefc14ba5500f974d2d790) Importer(815301076,1909f56bfc062723c751e8b465ee728b)
Start importing Assets/Exercises/Exercise3/3.1 - Breadth First Search.cs using Guid(102efa025baefc14ba5500f974d2d790) Importer(815301076,1909f56bfc062723c751e8b465ee728b)  -> (artifact id: '3f47250c6d3ba699188f9bddd805bd06') in 0.016258 seconds
  Import took 0.019387 seconds .

========================================================================
Received Import Request.
  Time since last request: 0.001244 seconds.
  path: Assets/Exercises/Exercise3/3.1 - Breadth First Search.cs
  artifactKey: Guid(102efa025baefc14ba5500f974d2d790) Importer(815301076,1909f56bfc062723c751e8b465ee728b)
Start importing Assets/Exercises/Exercise3/3.1 - Breadth First Search.cs using Guid(102efa025baefc14ba5500f974d2d790) Importer(815301076,1909f56bfc062723c751e8b465ee728b)  -> (artifact id: '3f47250c6d3ba699188f9bddd805bd06') in 0.003752 seconds
  Import took 0.006751 seconds .

========================================================================
Received Import Request.
  Time since last request: 179.155945 seconds.
  path: Assets/Exercises/Exercise3/3.1 - Breadth First Search.cs
  artifactKey: Guid(102efa025baefc14ba5500f974d2d790) Importer(815301076,1909f56bfc062723c751e8b465ee728b)
Start importing Assets/Exercises/Exercise3/3.1 - Breadth First Search.cs using Guid(102efa025baefc14ba5500f974d2d790) Importer(815301076,1909f56bfc062723c751e8b465ee728b)  -> (artifact id: 'cb3be4713f251eef95b367bb471793a7') in 0.005560 seconds
  Import took 0.010664 seconds .

========================================================================
Received Prepare
Registering precompiled user dll's ...
Registered in 0.001071 seconds.
Begin MonoManager ReloadAssembly
Native extension for WindowsStandalone target not found
Native extension for WebGL target not found
Refreshing native plugins compatible for Editor in 0.33 ms, found 0 plugins.
Preloading 0 native plugins for Editor in 0.00 ms.
Invoked RoslynAnalysisRunner static constructor.
RoslynAnalysisRunner will not be running.
RoslynAnalysisRunner has terminated.
Mono: successfully reloaded assembly
- Completed reload, in  1.440 seconds
Platform modules already initialized, skipping
Refreshing native plugins compatible for Editor in 0.34 ms, found 0 plugins.
Preloading 0 native plugins for Editor in 0.00 ms.
Unloading 1113 Unused Serialized files (Serialized files now loaded: 0)
System memory in use before: 57.1 MB.
System memory in use after: 57.2 MB.

Unloading 4 unused Assets to reduce memory usage. Loaded Objects now: 1563.
Total: 2.577900 ms (FindLiveObjects: 0.205400 ms CreateObjectMapping: 0.068100 ms MarkObjects: 2.272600 ms  DeleteObjects: 0.030500 ms)

========================================================================
Received Import Request.
  Time since last request: 57.439393 seconds.
  path: Assets/Exercises/Exercise3/3.1 - Breadth First Search.cs
  artifactKey: Guid(102efa025baefc14ba5500f974d2d790) Importer(815301076,1909f56bfc062723c751e8b465ee728b)
Start importing Assets/Exercises/Exercise3/3.1 - Breadth First Search.cs using Guid(102efa025baefc14ba5500f974d2d790) Importer(815301076,1909f56bfc062723c751e8b465ee728b)  -> (artifact id: '36fd36b91fda8a346d485292da51a328') in 0.007933 seconds
  Import took 0.011144 seconds .

========================================================================
Received Import Request.
  Time since last request: 3.495356 seconds.
  path: Assets/Exercises/Exercise3/3.1 - Breadth First Search.cs
  artifactKey: Guid(102efa025baefc14ba5500f974d2d790) Importer(815301076,1909f56bfc062723c751e8b465ee728b)
Start importing Assets/Exercises/Exercise3/3.1 - Breadth First Search.cs using Guid(102efa025baefc14ba5500f974d2d790) Importer(815301076,1909f56bfc062723c751e8b465ee728b)  -> (artifact id: '61116ecab14e5e3f6227ed9c4066f9c1') in 0.007091 seconds
  Import took 0.011287 seconds .

========================================================================
Received Import Request.
  Time since last request: 6.214092 seconds.
  path: Assets/Exercises/Exercise3/3.1 - Breadth First Search.cs
  artifactKey: Guid(102efa025baefc14ba5500f974d2d790) Importer(815301076,1909f56bfc062723c751e8b465ee728b)
Start importing Assets/Exercises/Exercise3/3.1 - Breadth First Search.cs using Guid(102efa025baefc14ba5500f974d2d790) Importer(815301076,1909f56bfc062723c751e8b465ee728b)  -> (artifact id: '0f178e47e3be2749fba26f3c9dd2b861') in 0.004998 seconds
  Import took 0.008339 seconds .

========================================================================
Received Import Request.
  Time since last request: 11.786149 seconds.
  path: Assets/Exercises/Exercise3/3.1 - Breadth First Search.cs
  artifactKey: Guid(102efa025baefc14ba5500f974d2d790) Importer(815301076,1909f56bfc062723c751e8b465ee728b)
Start importing Assets/Exercises/Exercise3/3.1 - Breadth First Search.cs using Guid(102efa025baefc14ba5500f974d2d790) Importer(815301076,1909f56bfc062723c751e8b465ee728b)  -> (artifact id: 'fbb0249e74bf5ffaeddffd1b43f7c226') in 0.011321 seconds
  Import took 0.015324 seconds .

========================================================================
Received Import Request.
  Time since last request: 0.076118 seconds.
  path: Assets/Exercises/Exercise3/3.1 - Breadth First Search.cs
  artifactKey: Guid(102efa025baefc14ba5500f974d2d790) Importer(815301076,1909f56bfc062723c751e8b465ee728b)
Start importing Assets/Exercises/Exercise3/3.1 - Breadth First Search.cs using Guid(102efa025baefc14ba5500f974d2d790) Importer(815301076,1909f56bfc062723c751e8b465ee728b)  -> (artifact id: 'fbb0249e74bf5ffaeddffd1b43f7c226') in 0.005516 seconds
  Import took 0.010159 seconds .

========================================================================
Received Prepare
Registering precompiled user dll's ...
Registered in 0.001068 seconds.
Begin MonoManager ReloadAssembly
Native extension for WindowsStandalone target not found
Native extension for WebGL target not found
Refreshing native plugins compatible for Editor in 0.33 ms, found 0 plugins.
Preloading 0 native plugins for Editor in 0.00 ms.
Invoked RoslynAnalysisRunner static constructor.
RoslynAnalysisRunner will not be running.
RoslynAnalysisRunner has terminated.
Mono: successfully reloaded assembly
- Completed reload, in  1.526 seconds
Platform modules already initialized, skipping
Refreshing native plugins compatible for Editor in 0.55 ms, found 0 plugins.
Preloading 0 native plugins for Editor in 0.00 ms.
Unloading 1113 Unused Serialized files (Serialized files now loaded: 0)
System memory in use before: 57.2 MB.
System memory in use after: 57.3 MB.

Unloading 4 unused Assets to reduce memory usage. Loaded Objects now: 1565.
Total: 2.570600 ms (FindLiveObjects: 0.209600 ms CreateObjectMapping: 0.070200 ms MarkObjects: 2.264000 ms  DeleteObjects: 0.025300 ms)

========================================================================
Received Import Request.
  Time since last request: 64.924389 seconds.
  path: Assets/Exercises/Exercise3/3.1 - Breadth First Search.cs
  artifactKey: Guid(102efa025baefc14ba5500f974d2d790) Importer(815301076,1909f56bfc062723c751e8b465ee728b)
Start importing Assets/Exercises/Exercise3/3.1 - Breadth First Search.cs using Guid(102efa025baefc14ba5500f974d2d790) Importer(815301076,1909f56bfc062723c751e8b465ee728b)  -> (artifact id: 'e19b6ae3b4c396ca8ef31d0f3f829c55') in 0.013645 seconds
  Import took 0.017712 seconds .

========================================================================
Received Import Request.
  Time since last request: 124.992310 seconds.
  path: Assets/Exercises/Exercise3/3.1 - Breadth First Search.cs
  artifactKey: Guid(102efa025baefc14ba5500f974d2d790) Importer(815301076,1909f56bfc062723c751e8b465ee728b)
Start importing Assets/Exercises/Exercise3/3.1 - Breadth First Search.cs using Guid(102efa025baefc14ba5500f974d2d790) Importer(815301076,1909f56bfc062723c751e8b465ee728b)  -> (artifact id: 'd62e031743dd35f2e8e22d7e7b58e276') in 0.005763 seconds
  Import took 0.009696 seconds .

========================================================================
Received Import Request.
  Time since last request: 4.824478 seconds.
  path: Assets/Exercises/Exercise3/3.1 - Breadth First Search.cs
  artifactKey: Guid(102efa025baefc14ba5500f974d2d790) Importer(815301076,1909f56bfc062723c751e8b465ee728b)
Start importing Assets/Exercises/Exercise3/3.1 - Breadth First Search.cs using Guid(102efa025baefc14ba5500f974d2d790) Importer(815301076,1909f56bfc062723c751e8b465ee728b)  -> (artifact id: 'b4114d94d23b8e81b7540f87cef85277') in 0.004390 seconds
  Import took 0.007515 seconds .

========================================================================
Received Import Request.
  Time since last request: 81.444378 seconds.
  path: Assets/Exercises/Exercise3/3.1 - Breadth First Search.cs
  artifactKey: Guid(102efa025baefc14ba5500f974d2d790) Importer(815301076,1909f56bfc062723c751e8b465ee728b)
Start importing Assets/Exercises/Exercise3/3.1 - Breadth First Search.cs using Guid(102efa025baefc14ba5500f974d2d790) Importer(815301076,1909f56bfc062723c751e8b465ee728b)  -> (artifact id: 'e34621379efd2c7a08e6736a09e7015d') in 0.005333 seconds
  Import took 0.009599 seconds .

========================================================================
Received Prepare
Registering precompiled user dll's ...
Registered in 0.001082 seconds.
Begin MonoManager ReloadAssembly
Native extension for WindowsStandalone target not found
Native extension for WebGL target not found
Refreshing native plugins compatible for Editor in 0.32 ms, found 0 plugins.
Preloading 0 native plugins for Editor in 0.00 ms.
Invoked RoslynAnalysisRunner static constructor.
RoslynAnalysisRunner will not be running.
RoslynAnalysisRunner has terminated.
Mono: successfully reloaded assembly
- Completed reload, in  1.340 seconds
Platform modules already initialized, skipping
Refreshing native plugins compatible for Editor in 0.30 ms, found 0 plugins.
Preloading 0 native plugins for Editor in 0.00 ms.
Unloading 1113 Unused Serialized files (Serialized files now loaded: 0)
System memory in use before: 57.3 MB.
System memory in use after: 57.4 MB.

Unloading 4 unused Assets to reduce memory usage. Loaded Objects now: 1567.
Total: 2.778500 ms (FindLiveObjects: 0.284100 ms CreateObjectMapping: 0.095800 ms MarkObjects: 2.379800 ms  DeleteObjects: 0.017200 ms)

========================================================================
Received Import Request.
  Time since last request: 99.911509 seconds.
  path: Assets/Exercises/Exercise3/3.1 - Breadth First Search.cs
  artifactKey: Guid(102efa025baefc14ba5500f974d2d790) Importer(815301076,1909f56bfc062723c751e8b465ee728b)
Start importing Assets/Exercises/Exercise3/3.1 - Breadth First Search.cs using Guid(102efa025baefc14ba5500f974d2d790) Importer(815301076,1909f56bfc062723c751e8b465ee728b)  -> (artifact id: '6b54bc5fb0e2402df54cd28fadffaa02') in 0.008310 seconds
  Import took 0.011644 seconds .

========================================================================
Received Import Request.
  Time since last request: 363.059833 seconds.
  path: Assets/Exercises/Exercise3/3.1 - Breadth First Search.cs
  artifactKey: Guid(102efa025baefc14ba5500f974d2d790) Importer(815301076,1909f56bfc062723c751e8b465ee728b)
Start importing Assets/Exercises/Exercise3/3.1 - Breadth First Search.cs using Guid(102efa025baefc14ba5500f974d2d790) Importer(815301076,1909f56bfc062723c751e8b465ee728b)  -> (artifact id: '95b577dd31fb0eca5bb01ee393ecd6c1') in 0.004294 seconds
  Import took 0.008630 seconds .

========================================================================
Received Prepare
Registering precompiled user dll's ...
Registered in 0.001099 seconds.
Begin MonoManager ReloadAssembly
Native extension for WindowsStandalone target not found
Native extension for WebGL target not found
Refreshing native plugins compatible for Editor in 0.33 ms, found 0 plugins.
Preloading 0 native plugins for Editor in 0.00 ms.
Invoked RoslynAnalysisRunner static constructor.
RoslynAnalysisRunner will not be running.
RoslynAnalysisRunner has terminated.
Mono: successfully reloaded assembly
- Completed reload, in  1.353 seconds
Platform modules already initialized, skipping
Refreshing native plugins compatible for Editor in 0.38 ms, found 0 plugins.
Preloading 0 native plugins for Editor in 0.00 ms.
Unloading 1113 Unused Serialized files (Serialized files now loaded: 0)
System memory in use before: 57.4 MB.
System memory in use after: 57.5 MB.

Unloading 4 unused Assets to reduce memory usage. Loaded Objects now: 1569.
Total: 2.481400 ms (FindLiveObjects: 0.204600 ms CreateObjectMapping: 0.069400 ms MarkObjects: 2.182500 ms  DeleteObjects: 0.023700 ms)

========================================================================
Received Import Request.
  Time since last request: 8.809002 seconds.
  path: Assets/Exercises/Exercise3/3.1 - Breadth First Search.cs
  artifactKey: Guid(102efa025baefc14ba5500f974d2d790) Importer(815301076,1909f56bfc062723c751e8b465ee728b)
Start importing Assets/Exercises/Exercise3/3.1 - Breadth First Search.cs using Guid(102efa025baefc14ba5500f974d2d790) Importer(815301076,1909f56bfc062723c751e8b465ee728b)  -> (artifact id: '43f2e0ee1776d4dda3306e1d8e11d9f1') in 0.007038 seconds
  Import took 0.010033 seconds .

========================================================================
Received Prepare
Registering precompiled user dll's ...
Registered in 0.000972 seconds.
Begin MonoManager ReloadAssembly
Native extension for WindowsStandalone target not found
Native extension for WebGL target not found
Refreshing native plugins compatible for Editor in 0.32 ms, found 0 plugins.
Preloading 0 native plugins for Editor in 0.00 ms.
Invoked RoslynAnalysisRunner static constructor.
RoslynAnalysisRunner will not be running.
RoslynAnalysisRunner has terminated.
Mono: successfully reloaded assembly
- Completed reload, in  1.330 seconds
Platform modules already initialized, skipping
Refreshing native plugins compatible for Editor in 0.30 ms, found 0 plugins.
Preloading 0 native plugins for Editor in 0.00 ms.
Unloading 1113 Unused Serialized files (Serialized files now loaded: 0)
System memory in use before: 57.6 MB.
System memory in use after: 57.7 MB.

Unloading 4 unused Assets to reduce memory usage. Loaded Objects now: 1571.
Total: 2.540200 ms (FindLiveObjects: 0.201500 ms CreateObjectMapping: 0.064900 ms MarkObjects: 2.248800 ms  DeleteObjects: 0.023800 ms)

========================================================================
Received Import Request.
  Time since last request: 29.797585 seconds.
  path: Assets/Exercises/Exercise3/3.1 - Breadth First Search.cs
  artifactKey: Guid(102efa025baefc14ba5500f974d2d790) Importer(815301076,1909f56bfc062723c751e8b465ee728b)
Start importing Assets/Exercises/Exercise3/3.1 - Breadth First Search.cs using Guid(102efa025baefc14ba5500f974d2d790) Importer(815301076,1909f56bfc062723c751e8b465ee728b)  -> (artifact id: '34bfa665c4c3482218f64a90553f2d97') in 0.007280 seconds
  Import took 0.010479 seconds .

========================================================================
Received Prepare
Registering precompiled user dll's ...
Registered in 0.001047 seconds.
Begin MonoManager ReloadAssembly
Native extension for WindowsStandalone target not found
Native extension for WebGL target not found
Refreshing native plugins compatible for Editor in 0.35 ms, found 0 plugins.
Preloading 0 native plugins for Editor in 0.00 ms.
Invoked RoslynAnalysisRunner static constructor.
RoslynAnalysisRunner will not be running.
RoslynAnalysisRunner has terminated.
Mono: successfully reloaded assembly
- Completed reload, in  1.376 seconds
Platform modules already initialized, skipping
Refreshing native plugins compatible for Editor in 0.34 ms, found 0 plugins.
Preloading 0 native plugins for Editor in 0.00 ms.
Unloading 1113 Unused Serialized files (Serialized files now loaded: 0)
System memory in use before: 57.7 MB.
System memory in use after: 57.8 MB.

Unloading 4 unused Assets to reduce memory usage. Loaded Objects now: 1573.
Total: 2.689700 ms (FindLiveObjects: 0.212300 ms CreateObjectMapping: 0.055900 ms MarkObjects: 2.396600 ms  DeleteObjects: 0.023600 ms)

========================================================================
Received Import Request.
  Time since last request: 59.869646 seconds.
  path: Assets/Exercises/Exercise3/3.1 - Breadth First Search.cs
  artifactKey: Guid(102efa025baefc14ba5500f974d2d790) Importer(815301076,1909f56bfc062723c751e8b465ee728b)
Start importing Assets/Exercises/Exercise3/3.1 - Breadth First Search.cs using Guid(102efa025baefc14ba5500f974d2d790) Importer(815301076,1909f56bfc062723c751e8b465ee728b)  -> (artifact id: 'e654a1e3c9028f21e7d6e3a982a17bd6') in 0.007653 seconds
  Import took 0.010873 seconds .

========================================================================
Received Prepare
Registering precompiled user dll's ...
Registered in 0.001062 seconds.
Begin MonoManager ReloadAssembly
Native extension for WindowsStandalone target not found
Native extension for WebGL target not found
Refreshing native plugins compatible for Editor in 0.31 ms, found 0 plugins.
Preloading 0 native plugins for Editor in 0.00 ms.
Invoked RoslynAnalysisRunner static constructor.
RoslynAnalysisRunner will not be running.
RoslynAnalysisRunner has terminated.
Mono: successfully reloaded assembly
- Completed reload, in  1.345 seconds
Platform modules already initialized, skipping
Refreshing native plugins compatible for Editor in 0.33 ms, found 0 plugins.
Preloading 0 native plugins for Editor in 0.00 ms.
Unloading 1113 Unused Serialized files (Serialized files now loaded: 0)
System memory in use before: 57.8 MB.
System memory in use after: 57.9 MB.

Unloading 4 unused Assets to reduce memory usage. Loaded Objects now: 1575.
Total: 2.617700 ms (FindLiveObjects: 0.213700 ms CreateObjectMapping: 0.058100 ms MarkObjects: 2.328500 ms  DeleteObjects: 0.016100 ms)

========================================================================
Received Prepare
Registering precompiled user dll's ...
Registered in 0.001078 seconds.
Begin MonoManager ReloadAssembly
Native extension for WindowsStandalone target not found
Native extension for WebGL target not found
Refreshing native plugins compatible for Editor in 0.33 ms, found 0 plugins.
Preloading 0 native plugins for Editor in 0.00 ms.
Invoked RoslynAnalysisRunner static constructor.
RoslynAnalysisRunner will not be running.
RoslynAnalysisRunner has terminated.
Mono: successfully reloaded assembly
- Completed reload, in  1.394 seconds
Platform modules already initialized, skipping
Refreshing native plugins compatible for Editor in 0.45 ms, found 0 plugins.
Preloading 0 native plugins for Editor in 0.00 ms.
Unloading 1113 Unused Serialized files (Serialized files now loaded: 0)
System memory in use before: 57.9 MB.
System memory in use after: 58.0 MB.

Unloading 4 unused Assets to reduce memory usage. Loaded Objects now: 1577.
Total: 2.725600 ms (FindLiveObjects: 0.203100 ms CreateObjectMapping: 0.059400 ms MarkObjects: 2.444100 ms  DeleteObjects: 0.017700 ms)

========================================================================
Received Prepare
Registering precompiled user dll's ...
Registered in 0.000996 seconds.
Begin MonoManager ReloadAssembly
Native extension for WindowsStandalone target not found
Native extension for WebGL target not found
Refreshing native plugins compatible for Editor in 0.32 ms, found 0 plugins.
Preloading 0 native plugins for Editor in 0.00 ms.
Invoked RoslynAnalysisRunner static constructor.
RoslynAnalysisRunner will not be running.
RoslynAnalysisRunner has terminated.
Mono: successfully reloaded assembly
- Completed reload, in  1.333 seconds
Platform modules already initialized, skipping
Refreshing native plugins compatible for Editor in 0.32 ms, found 0 plugins.
Preloading 0 native plugins for Editor in 0.00 ms.
Unloading 1113 Unused Serialized files (Serialized files now loaded: 0)
System memory in use before: 58.0 MB.
System memory in use after: 58.1 MB.

Unloading 4 unused Assets to reduce memory usage. Loaded Objects now: 1579.
Total: 2.506500 ms (FindLiveObjects: 0.215700 ms CreateObjectMapping: 0.062200 ms MarkObjects: 2.211200 ms  DeleteObjects: 0.016100 ms)

========================================================================
Received Prepare
Registering precompiled user dll's ...
Registered in 0.001046 seconds.
Begin MonoManager ReloadAssembly
Native extension for WindowsStandalone target not found
Native extension for WebGL target not found
Refreshing native plugins compatible for Editor in 0.32 ms, found 0 plugins.
Preloading 0 native plugins for Editor in 0.00 ms.
Invoked RoslynAnalysisRunner static constructor.
RoslynAnalysisRunner will not be running.
RoslynAnalysisRunner has terminated.
Mono: successfully reloaded assembly
- Completed reload, in  1.375 seconds
Platform modules already initialized, skipping
Refreshing native plugins compatible for Editor in 0.31 ms, found 0 plugins.
Preloading 0 native plugins for Editor in 0.00 ms.
Unloading 1113 Unused Serialized files (Serialized files now loaded: 0)
System memory in use before: 58.1 MB.
System memory in use after: 58.2 MB.

Unloading 4 unused Assets to reduce memory usage. Loaded Objects now: 1581.
Total: 2.552800 ms (FindLiveObjects: 0.277800 ms CreateObjectMapping: 0.071900 ms MarkObjects: 2.184200 ms  DeleteObjects: 0.017000 ms)

========================================================================
Received Prepare
Registering precompiled user dll's ...
Registered in 0.001030 seconds.
Begin MonoManager ReloadAssembly
Native extension for WindowsStandalone target not found
Native extension for WebGL target not found
Refreshing native plugins compatible for Editor in 0.32 ms, found 0 plugins.
Preloading 0 native plugins for Editor in 0.00 ms.
Invoked RoslynAnalysisRunner static constructor.
RoslynAnalysisRunner will not be running.
RoslynAnalysisRunner has terminated.
Mono: successfully reloaded assembly
- Completed reload, in  1.341 seconds
Platform modules already initialized, skipping
Refreshing native plugins compatible for Editor in 0.33 ms, found 0 plugins.
Preloading 0 native plugins for Editor in 0.00 ms.
Unloading 1113 Unused Serialized files (Serialized files now loaded: 0)
System memory in use before: 58.3 MB.
System memory in use after: 58.4 MB.

Unloading 4 unused Assets to reduce memory usage. Loaded Objects now: 1583.
Total: 2.588200 ms (FindLiveObjects: 0.237500 ms CreateObjectMapping: 0.070300 ms MarkObjects: 2.259900 ms  DeleteObjects: 0.018600 ms)

========================================================================
Received Import Request.
  Time since last request: 340.586598 seconds.
  path: Assets/Exercises/Exercise3/3.2 - Uniform Cost Search.cs
  artifactKey: Guid(7ffdd69c3c78ce34c9cc6b49a5f54d21) Importer(815301076,1909f56bfc062723c751e8b465ee728b)
Start importing Assets/Exercises/Exercise3/3.2 - Uniform Cost Search.cs using Guid(7ffdd69c3c78ce34c9cc6b49a5f54d21) Importer(815301076,1909f56bfc062723c751e8b465ee728b)  -> (artifact id: '369c6b64b3a201222c245443d427342b') in 0.013987 seconds
  Import took 0.017083 seconds .

========================================================================
Received Import Request.
  Time since last request: 0.040346 seconds.
  path: Assets/Exercises/Exercise3/3.2 - Uniform Cost Search.cs
  artifactKey: Guid(7ffdd69c3c78ce34c9cc6b49a5f54d21) Importer(815301076,1909f56bfc062723c751e8b465ee728b)
Start importing Assets/Exercises/Exercise3/3.2 - Uniform Cost Search.cs using Guid(7ffdd69c3c78ce34c9cc6b49a5f54d21) Importer(815301076,1909f56bfc062723c751e8b465ee728b)  -> (artifact id: '369c6b64b3a201222c245443d427342b') in 0.004218 seconds
  Import took 0.007171 seconds .

========================================================================
Received Import Request.
  Time since last request: 41.592276 seconds.
  path: Assets/Exercises/Exercise3/3.2 - Uniform Cost Search.cs
  artifactKey: Guid(7ffdd69c3c78ce34c9cc6b49a5f54d21) Importer(815301076,1909f56bfc062723c751e8b465ee728b)
Start importing Assets/Exercises/Exercise3/3.2 - Uniform Cost Search.cs using Guid(7ffdd69c3c78ce34c9cc6b49a5f54d21) Importer(815301076,1909f56bfc062723c751e8b465ee728b)  -> (artifact id: 'f117e32d130652122f813b38d06ba6c0') in 0.004814 seconds
  Import took 0.007796 seconds .

========================================================================
Received Prepare
Registering precompiled user dll's ...
Registered in 0.000980 seconds.
Begin MonoManager ReloadAssembly
Native extension for WindowsStandalone target not found
Native extension for WebGL target not found
Refreshing native plugins compatible for Editor in 0.34 ms, found 0 plugins.
Preloading 0 native plugins for Editor in 0.00 ms.
Invoked RoslynAnalysisRunner static constructor.
RoslynAnalysisRunner will not be running.
RoslynAnalysisRunner has terminated.
Mono: successfully reloaded assembly
- Completed reload, in  1.357 seconds
Platform modules already initialized, skipping
Refreshing native plugins compatible for Editor in 0.32 ms, found 0 plugins.
Preloading 0 native plugins for Editor in 0.00 ms.
Unloading 1113 Unused Serialized files (Serialized files now loaded: 0)
System memory in use before: 58.4 MB.
System memory in use after: 58.5 MB.

Unloading 4 unused Assets to reduce memory usage. Loaded Objects now: 1585.
Total: 2.808900 ms (FindLiveObjects: 0.305900 ms CreateObjectMapping: 0.066100 ms MarkObjects: 2.409500 ms  DeleteObjects: 0.025600 ms)

========================================================================
Received Import Request.
  Time since last request: 60.595081 seconds.
  path: Assets/Exercises/Exercise3/3.2 - Uniform Cost Search.cs
  artifactKey: Guid(7ffdd69c3c78ce34c9cc6b49a5f54d21) Importer(815301076,1909f56bfc062723c751e8b465ee728b)
Start importing Assets/Exercises/Exercise3/3.2 - Uniform Cost Search.cs using Guid(7ffdd69c3c78ce34c9cc6b49a5f54d21) Importer(815301076,1909f56bfc062723c751e8b465ee728b)  -> (artifact id: '591768ed7b676505bf9767cb126c7a10') in 0.010008 seconds
  Import took 0.013260 seconds .

========================================================================
Received Import Request.
  Time since last request: 0.147844 seconds.
  path: Assets/Exercises/Exercise3/3.2 - Uniform Cost Search.cs
  artifactKey: Guid(7ffdd69c3c78ce34c9cc6b49a5f54d21) Importer(815301076,1909f56bfc062723c751e8b465ee728b)
Start importing Assets/Exercises/Exercise3/3.2 - Uniform Cost Search.cs using Guid(7ffdd69c3c78ce34c9cc6b49a5f54d21) Importer(815301076,1909f56bfc062723c751e8b465ee728b)  -> (artifact id: '591768ed7b676505bf9767cb126c7a10') in 0.004268 seconds
  Import took 0.007275 seconds .

========================================================================
Received Import Request.
  Time since last request: 5.857065 seconds.
  path: Assets/Exercises/Exercise3/3.2 - Uniform Cost Search.cs
  artifactKey: Guid(7ffdd69c3c78ce34c9cc6b49a5f54d21) Importer(815301076,1909f56bfc062723c751e8b465ee728b)
Start importing Assets/Exercises/Exercise3/3.2 - Uniform Cost Search.cs using Guid(7ffdd69c3c78ce34c9cc6b49a5f54d21) Importer(815301076,1909f56bfc062723c751e8b465ee728b)  -> (artifact id: '11af4913acb16d44a6775b021354d750') in 0.004529 seconds
  Import took 0.007575 seconds .

========================================================================
Received Import Request.
  Time since last request: 11.129257 seconds.
  path: Assets/Exercises/Exercise3/3.2 - Uniform Cost Search.cs
  artifactKey: Guid(7ffdd69c3c78ce34c9cc6b49a5f54d21) Importer(815301076,1909f56bfc062723c751e8b465ee728b)
Start importing Assets/Exercises/Exercise3/3.2 - Uniform Cost Search.cs using Guid(7ffdd69c3c78ce34c9cc6b49a5f54d21) Importer(815301076,1909f56bfc062723c751e8b465ee728b)  -> (artifact id: '73960f9571991c4080c0f3d427bcb2ae') in 0.004508 seconds
  Import took 0.007532 seconds .

========================================================================
Received Import Request.
  Time since last request: 26.818287 seconds.
  path: Assets/Exercises/Exercise3/3.2 - Uniform Cost Search.cs
  artifactKey: Guid(7ffdd69c3c78ce34c9cc6b49a5f54d21) Importer(815301076,1909f56bfc062723c751e8b465ee728b)
Start importing Assets/Exercises/Exercise3/3.2 - Uniform Cost Search.cs using Guid(7ffdd69c3c78ce34c9cc6b49a5f54d21) Importer(815301076,1909f56bfc062723c751e8b465ee728b)  -> (artifact id: '68822c27341fa79a24a69851fde5c6b0') in 0.004936 seconds
  Import took 0.007930 seconds .

========================================================================
Received Import Request.
  Time since last request: 6.464766 seconds.
  path: Assets/Exercises/Exercise3/3.2 - Uniform Cost Search.cs
  artifactKey: Guid(7ffdd69c3c78ce34c9cc6b49a5f54d21) Importer(815301076,1909f56bfc062723c751e8b465ee728b)
Start importing Assets/Exercises/Exercise3/3.2 - Uniform Cost Search.cs using Guid(7ffdd69c3c78ce34c9cc6b49a5f54d21) Importer(815301076,1909f56bfc062723c751e8b465ee728b)  -> (artifact id: '26860d9a0921f137a8dc0893fa1a7153') in 0.004226 seconds
  Import took 0.007165 seconds .

========================================================================
Received Prepare
Registering precompiled user dll's ...
Registered in 0.001122 seconds.
Begin MonoManager ReloadAssembly
Native extension for WindowsStandalone target not found
Native extension for WebGL target not found
Refreshing native plugins compatible for Editor in 0.34 ms, found 0 plugins.
Preloading 0 native plugins for Editor in 0.00 ms.
Invoked RoslynAnalysisRunner static constructor.
RoslynAnalysisRunner will not be running.
RoslynAnalysisRunner has terminated.
Mono: successfully reloaded assembly
- Completed reload, in  1.342 seconds
Platform modules already initialized, skipping
Refreshing native plugins compatible for Editor in 0.33 ms, found 0 plugins.
Preloading 0 native plugins for Editor in 0.00 ms.
Unloading 1113 Unused Serialized files (Serialized files now loaded: 0)
System memory in use before: 58.5 MB.
System memory in use after: 58.6 MB.

Unloading 4 unused Assets to reduce memory usage. Loaded Objects now: 1587.
Total: 2.562500 ms (FindLiveObjects: 0.318700 ms CreateObjectMapping: 0.064600 ms MarkObjects: 2.162300 ms  DeleteObjects: 0.015600 ms)

========================================================================
Received Import Request.
  Time since last request: 64.008665 seconds.
  path: Assets/Exercises/Exercise3/Editor/PathFindingEditor.cs
  artifactKey: Guid(f7ce4ead948a12548bad2ae57e178de4) Importer(815301076,1909f56bfc062723c751e8b465ee728b)
Start importing Assets/Exercises/Exercise3/Editor/PathFindingEditor.cs using Guid(f7ce4ead948a12548bad2ae57e178de4) Importer(815301076,1909f56bfc062723c751e8b465ee728b)  -> (artifact id: '0235631533ef63bb581d3d8dc45d7b0e') in 0.014053 seconds
  Import took 0.017368 seconds .

========================================================================
Received Import Request.
  Time since last request: 0.001659 seconds.
  path: Assets/Exercises/Exercise3/Editor/PathFindingEditor.cs
  artifactKey: Guid(f7ce4ead948a12548bad2ae57e178de4) Importer(815301076,1909f56bfc062723c751e8b465ee728b)
Start importing Assets/Exercises/Exercise3/Editor/PathFindingEditor.cs using Guid(f7ce4ead948a12548bad2ae57e178de4) Importer(815301076,1909f56bfc062723c751e8b465ee728b)  -> (artifact id: '0235631533ef63bb581d3d8dc45d7b0e') in 0.004186 seconds
  Import took 0.007116 seconds .

========================================================================
Received Prepare
Registering precompiled user dll's ...
Registered in 0.000999 seconds.
Begin MonoManager ReloadAssembly
Native extension for WindowsStandalone target not found
Native extension for WebGL target not found
Refreshing native plugins compatible for Editor in 0.32 ms, found 0 plugins.
Preloading 0 native plugins for Editor in 0.00 ms.
Invoked RoslynAnalysisRunner static constructor.
RoslynAnalysisRunner will not be running.
RoslynAnalysisRunner has terminated.
Mono: successfully reloaded assembly
- Completed reload, in  1.340 seconds
Platform modules already initialized, skipping
Refreshing native plugins compatible for Editor in 0.30 ms, found 0 plugins.
Preloading 0 native plugins for Editor in 0.00 ms.
Unloading 1113 Unused Serialized files (Serialized files now loaded: 0)
System memory in use before: 58.6 MB.
System memory in use after: 58.7 MB.

Unloading 4 unused Assets to reduce memory usage. Loaded Objects now: 1589.
Total: 2.412500 ms (FindLiveObjects: 0.192200 ms CreateObjectMapping: 0.058100 ms MarkObjects: 2.138700 ms  DeleteObjects: 0.022200 ms)

========================================================================
Received Prepare
Registering precompiled user dll's ...
Registered in 0.000951 seconds.
Begin MonoManager ReloadAssembly
Native extension for WindowsStandalone target not found
Native extension for WebGL target not found
Refreshing native plugins compatible for Editor in 0.40 ms, found 0 plugins.
Preloading 0 native plugins for Editor in 0.00 ms.
Invoked RoslynAnalysisRunner static constructor.
RoslynAnalysisRunner will not be running.
RoslynAnalysisRunner has terminated.
Mono: successfully reloaded assembly
- Completed reload, in  1.386 seconds
Platform modules already initialized, skipping
Refreshing native plugins compatible for Editor in 0.31 ms, found 0 plugins.
Preloading 0 native plugins for Editor in 0.00 ms.
Unloading 1113 Unused Serialized files (Serialized files now loaded: 0)
System memory in use before: 58.7 MB.
System memory in use after: 58.8 MB.

Unloading 4 unused Assets to reduce memory usage. Loaded Objects now: 1591.
Total: 2.699600 ms (FindLiveObjects: 0.287000 ms CreateObjectMapping: 0.073600 ms MarkObjects: 2.308900 ms  DeleteObjects: 0.025200 ms)

========================================================================
Received Prepare
Registering precompiled user dll's ...
Registered in 0.001101 seconds.
Begin MonoManager ReloadAssembly
Native extension for WindowsStandalone target not found
Native extension for WebGL target not found
Refreshing native plugins compatible for Editor in 0.32 ms, found 0 plugins.
Preloading 0 native plugins for Editor in 0.00 ms.
Invoked RoslynAnalysisRunner static constructor.
RoslynAnalysisRunner will not be running.
RoslynAnalysisRunner has terminated.
Mono: successfully reloaded assembly
- Completed reload, in  1.374 seconds
Platform modules already initialized, skipping
Refreshing native plugins compatible for Editor in 0.30 ms, found 0 plugins.
Preloading 0 native plugins for Editor in 0.00 ms.
Unloading 1113 Unused Serialized files (Serialized files now loaded: 0)
System memory in use before: 58.8 MB.
System memory in use after: 58.9 MB.

Unloading 4 unused Assets to reduce memory usage. Loaded Objects now: 1593.
Total: 2.445200 ms (FindLiveObjects: 0.195100 ms CreateObjectMapping: 0.059400 ms MarkObjects: 2.168100 ms  DeleteObjects: 0.021400 ms)

========================================================================
Received Prepare
Registering precompiled user dll's ...
Registered in 0.001014 seconds.
Begin MonoManager ReloadAssembly
Native extension for WindowsStandalone target not found
Native extension for WebGL target not found
Refreshing native plugins compatible for Editor in 0.31 ms, found 0 plugins.
Preloading 0 native plugins for Editor in 0.00 ms.
Invoked RoslynAnalysisRunner static constructor.
RoslynAnalysisRunner will not be running.
RoslynAnalysisRunner has terminated.
Mono: successfully reloaded assembly
- Completed reload, in  1.358 seconds
Platform modules already initialized, skipping
Refreshing native plugins compatible for Editor in 0.31 ms, found 0 plugins.
Preloading 0 native plugins for Editor in 0.00 ms.
Unloading 1113 Unused Serialized files (Serialized files now loaded: 0)
System memory in use before: 58.9 MB.
System memory in use after: 59.0 MB.

Unloading 4 unused Assets to reduce memory usage. Loaded Objects now: 1595.
Total: 2.548600 ms (FindLiveObjects: 0.218400 ms CreateObjectMapping: 0.068500 ms MarkObjects: 2.237100 ms  DeleteObjects: 0.023100 ms)

========================================================================
Received Prepare
Registering precompiled user dll's ...
Registered in 0.001042 seconds.
Begin MonoManager ReloadAssembly
Native extension for WindowsStandalone target not found
Native extension for WebGL target not found
Refreshing native plugins compatible for Editor in 0.28 ms, found 0 plugins.
Preloading 0 native plugins for Editor in 0.00 ms.
Invoked RoslynAnalysisRunner static constructor.
RoslynAnalysisRunner will not be running.
RoslynAnalysisRunner has terminated.
Mono: successfully reloaded assembly
- Completed reload, in  1.386 seconds
Platform modules already initialized, skipping
Refreshing native plugins compatible for Editor in 0.33 ms, found 0 plugins.
Preloading 0 native plugins for Editor in 0.00 ms.
Unloading 1113 Unused Serialized files (Serialized files now loaded: 0)
System memory in use before: 58.1 MB.
System memory in use after: 58.2 MB.

Unloading 4 unused Assets to reduce memory usage. Loaded Objects now: 1597.
Total: 2.510700 ms (FindLiveObjects: 0.230600 ms CreateObjectMapping: 0.083700 ms MarkObjects: 2.177100 ms  DeleteObjects: 0.017600 ms)

========================================================================
Received Prepare
Registering precompiled user dll's ...
Registered in 0.001043 seconds.
Begin MonoManager ReloadAssembly
Native extension for WindowsStandalone target not found
Native extension for WebGL target not found
Refreshing native plugins compatible for Editor in 0.33 ms, found 0 plugins.
Preloading 0 native plugins for Editor in 0.00 ms.
Invoked RoslynAnalysisRunner static constructor.
RoslynAnalysisRunner will not be running.
RoslynAnalysisRunner has terminated.
Mono: successfully reloaded assembly
- Completed reload, in  1.342 seconds
Platform modules already initialized, skipping
Refreshing native plugins compatible for Editor in 0.32 ms, found 0 plugins.
Preloading 0 native plugins for Editor in 0.00 ms.
Unloading 1113 Unused Serialized files (Serialized files now loaded: 0)
System memory in use before: 58.2 MB.
System memory in use after: 58.3 MB.

Unloading 4 unused Assets to reduce memory usage. Loaded Objects now: 1599.
Total: 2.668700 ms (FindLiveObjects: 0.202600 ms CreateObjectMapping: 0.066000 ms MarkObjects: 2.381000 ms  DeleteObjects: 0.017900 ms)

========================================================================
Received Prepare
Registering precompiled user dll's ...
Registered in 0.000999 seconds.
Begin MonoManager ReloadAssembly
Native extension for WindowsStandalone target not found
Native extension for WebGL target not found
Refreshing native plugins compatible for Editor in 0.32 ms, found 0 plugins.
Preloading 0 native plugins for Editor in 0.00 ms.
Invoked RoslynAnalysisRunner static constructor.
RoslynAnalysisRunner will not be running.
RoslynAnalysisRunner has terminated.
Mono: successfully reloaded assembly
- Completed reload, in  1.326 seconds
Platform modules already initialized, skipping
Refreshing native plugins compatible for Editor in 0.31 ms, found 0 plugins.
Preloading 0 native plugins for Editor in 0.00 ms.
Unloading 1113 Unused Serialized files (Serialized files now loaded: 0)
System memory in use before: 58.3 MB.
System memory in use after: 58.4 MB.

Unloading 4 unused Assets to reduce memory usage. Loaded Objects now: 1601.
Total: 2.438600 ms (FindLiveObjects: 0.191700 ms CreateObjectMapping: 0.056700 ms MarkObjects: 2.166000 ms  DeleteObjects: 0.022800 ms)

========================================================================
Received Prepare
Registering precompiled user dll's ...
Registered in 0.000993 seconds.
Begin MonoManager ReloadAssembly
Native extension for WindowsStandalone target not found
Native extension for WebGL target not found
Refreshing native plugins compatible for Editor in 0.32 ms, found 0 plugins.
Preloading 0 native plugins for Editor in 0.00 ms.
Invoked RoslynAnalysisRunner static constructor.
RoslynAnalysisRunner will not be running.
RoslynAnalysisRunner has terminated.
Mono: successfully reloaded assembly
- Completed reload, in  1.322 seconds
Platform modules already initialized, skipping
Refreshing native plugins compatible for Editor in 0.32 ms, found 0 plugins.
Preloading 0 native plugins for Editor in 0.00 ms.
Unloading 1113 Unused Serialized files (Serialized files now loaded: 0)
System memory in use before: 58.4 MB.
System memory in use after: 58.5 MB.

Unloading 4 unused Assets to reduce memory usage. Loaded Objects now: 1603.
Total: 2.417500 ms (FindLiveObjects: 0.202000 ms CreateObjectMapping: 0.051600 ms MarkObjects: 2.138700 ms  DeleteObjects: 0.023900 ms)

========================================================================
Received Prepare
Registering precompiled user dll's ...
Registered in 0.001004 seconds.
Begin MonoManager ReloadAssembly
Native extension for WindowsStandalone target not found
Native extension for WebGL target not found
Refreshing native plugins compatible for Editor in 0.33 ms, found 0 plugins.
Preloading 0 native plugins for Editor in 0.00 ms.
Invoked RoslynAnalysisRunner static constructor.
RoslynAnalysisRunner will not be running.
RoslynAnalysisRunner has terminated.
Mono: successfully reloaded assembly
- Completed reload, in  1.336 seconds
Platform modules already initialized, skipping
Refreshing native plugins compatible for Editor in 0.34 ms, found 0 plugins.
Preloading 0 native plugins for Editor in 0.00 ms.
Unloading 1113 Unused Serialized files (Serialized files now loaded: 0)
System memory in use before: 58.5 MB.
System memory in use after: 58.6 MB.

Unloading 4 unused Assets to reduce memory usage. Loaded Objects now: 1605.
Total: 4.829100 ms (FindLiveObjects: 0.526400 ms CreateObjectMapping: 0.204400 ms MarkObjects: 4.058500 ms  DeleteObjects: 0.037100 ms)

========================================================================
Received Prepare
Registering precompiled user dll's ...
Registered in 0.001146 seconds.
Begin MonoManager ReloadAssembly
Native extension for WindowsStandalone target not found
Native extension for WebGL target not found
Refreshing native plugins compatible for Editor in 0.32 ms, found 0 plugins.
Preloading 0 native plugins for Editor in 0.00 ms.
Invoked RoslynAnalysisRunner static constructor.
RoslynAnalysisRunner will not be running.
RoslynAnalysisRunner has terminated.
Mono: successfully reloaded assembly
- Completed reload, in  1.345 seconds
Platform modules already initialized, skipping
Refreshing native plugins compatible for Editor in 0.39 ms, found 0 plugins.
Preloading 0 native plugins for Editor in 0.00 ms.
Unloading 1113 Unused Serialized files (Serialized files now loaded: 0)
System memory in use before: 58.6 MB.
System memory in use after: 58.7 MB.

Unloading 4 unused Assets to reduce memory usage. Loaded Objects now: 1607.
Total: 2.482000 ms (FindLiveObjects: 0.214000 ms CreateObjectMapping: 0.062300 ms MarkObjects: 2.188700 ms  DeleteObjects: 0.015700 ms)

========================================================================
Received Prepare
Registering precompiled user dll's ...
Registered in 0.001041 seconds.
Begin MonoManager ReloadAssembly
Native extension for WindowsStandalone target not found
Native extension for WebGL target not found
Refreshing native plugins compatible for Editor in 0.32 ms, found 0 plugins.
Preloading 0 native plugins for Editor in 0.00 ms.
Invoked RoslynAnalysisRunner static constructor.
RoslynAnalysisRunner will not be running.
RoslynAnalysisRunner has terminated.
Mono: successfully reloaded assembly
- Completed reload, in  1.367 seconds
Platform modules already initialized, skipping
Refreshing native plugins compatible for Editor in 0.31 ms, found 0 plugins.
Preloading 0 native plugins for Editor in 0.00 ms.
Unloading 1113 Unused Serialized files (Serialized files now loaded: 0)
System memory in use before: 58.8 MB.
System memory in use after: 58.9 MB.

Unloading 4 unused Assets to reduce memory usage. Loaded Objects now: 1609.
Total: 2.516900 ms (FindLiveObjects: 0.212900 ms CreateObjectMapping: 0.067700 ms MarkObjects: 2.217800 ms  DeleteObjects: 0.016700 ms)

========================================================================
Received Prepare
Registering precompiled user dll's ...
Registered in 0.000983 seconds.
Begin MonoManager ReloadAssembly
Native extension for WindowsStandalone target not found
Native extension for WebGL target not found
Refreshing native plugins compatible for Editor in 0.39 ms, found 0 plugins.
Preloading 0 native plugins for Editor in 0.00 ms.
Invoked RoslynAnalysisRunner static constructor.
RoslynAnalysisRunner will not be running.
RoslynAnalysisRunner has terminated.
Mono: successfully reloaded assembly
- Completed reload, in  1.376 seconds
Platform modules already initialized, skipping
Refreshing native plugins compatible for Editor in 0.31 ms, found 0 plugins.
Preloading 0 native plugins for Editor in 0.00 ms.
Unloading 1113 Unused Serialized files (Serialized files now loaded: 0)
System memory in use before: 58.9 MB.
System memory in use after: 59.0 MB.

Unloading 4 unused Assets to reduce memory usage. Loaded Objects now: 1611.
Total: 2.701300 ms (FindLiveObjects: 0.263100 ms CreateObjectMapping: 0.074900 ms MarkObjects: 2.343900 ms  DeleteObjects: 0.017500 ms)

========================================================================
Received Prepare
Registering precompiled user dll's ...
Registered in 0.001189 seconds.
Begin MonoManager ReloadAssembly
Native extension for WindowsStandalone target not found
Native extension for WebGL target not found
Refreshing native plugins compatible for Editor in 0.32 ms, found 0 plugins.
Preloading 0 native plugins for Editor in 0.00 ms.
Invoked RoslynAnalysisRunner static constructor.
RoslynAnalysisRunner will not be running.
RoslynAnalysisRunner has terminated.
Mono: successfully reloaded assembly
- Completed reload, in  1.329 seconds
Platform modules already initialized, skipping
Refreshing native plugins compatible for Editor in 0.30 ms, found 0 plugins.
Preloading 0 native plugins for Editor in 0.00 ms.
Unloading 1113 Unused Serialized files (Serialized files now loaded: 0)
System memory in use before: 59.0 MB.
System memory in use after: 59.1 MB.

Unloading 4 unused Assets to reduce memory usage. Loaded Objects now: 1613.
Total: 2.636800 ms (FindLiveObjects: 0.211300 ms CreateObjectMapping: 0.068400 ms MarkObjects: 2.338500 ms  DeleteObjects: 0.017100 ms)

========================================================================
Received Prepare
Registering precompiled user dll's ...
Registered in 0.000996 seconds.
Begin MonoManager ReloadAssembly
Native extension for WindowsStandalone target not found
Native extension for WebGL target not found
Refreshing native plugins compatible for Editor in 0.34 ms, found 0 plugins.
Preloading 0 native plugins for Editor in 0.00 ms.
Invoked RoslynAnalysisRunner static constructor.
RoslynAnalysisRunner will not be running.
RoslynAnalysisRunner has terminated.
Mono: successfully reloaded assembly
- Completed reload, in  1.353 seconds
Platform modules already initialized, skipping
Refreshing native plugins compatible for Editor in 0.32 ms, found 0 plugins.
Preloading 0 native plugins for Editor in 0.00 ms.
Unloading 1113 Unused Serialized files (Serialized files now loaded: 0)
System memory in use before: 58.1 MB.
System memory in use after: 58.2 MB.

Unloading 4 unused Assets to reduce memory usage. Loaded Objects now: 1615.
Total: 2.583500 ms (FindLiveObjects: 0.237500 ms CreateObjectMapping: 0.062500 ms MarkObjects: 2.263600 ms  DeleteObjects: 0.018500 ms)

========================================================================
Received Prepare
Registering precompiled user dll's ...
Registered in 0.000986 seconds.
Begin MonoManager ReloadAssembly
Native extension for WindowsStandalone target not found
Native extension for WebGL target not found
Refreshing native plugins compatible for Editor in 0.59 ms, found 0 plugins.
Preloading 0 native plugins for Editor in 0.00 ms.
Invoked RoslynAnalysisRunner static constructor.
RoslynAnalysisRunner will not be running.
RoslynAnalysisRunner has terminated.
Mono: successfully reloaded assembly
- Completed reload, in  1.415 seconds
Platform modules already initialized, skipping
Refreshing native plugins compatible for Editor in 0.31 ms, found 0 plugins.
Preloading 0 native plugins for Editor in 0.00 ms.
Unloading 1113 Unused Serialized files (Serialized files now loaded: 0)
System memory in use before: 58.2 MB.
System memory in use after: 58.3 MB.

Unloading 4 unused Assets to reduce memory usage. Loaded Objects now: 1617.
Total: 2.801000 ms (FindLiveObjects: 0.326100 ms CreateObjectMapping: 0.118300 ms MarkObjects: 2.336700 ms  DeleteObjects: 0.018300 ms)

========================================================================
Received Prepare
Registering precompiled user dll's ...
Registered in 0.000965 seconds.
Begin MonoManager ReloadAssembly
Native extension for WindowsStandalone target not found
Native extension for WebGL target not found
Refreshing native plugins compatible for Editor in 0.33 ms, found 0 plugins.
Preloading 0 native plugins for Editor in 0.00 ms.
Invoked RoslynAnalysisRunner static constructor.
RoslynAnalysisRunner will not be running.
RoslynAnalysisRunner has terminated.
Mono: successfully reloaded assembly
- Completed reload, in  1.392 seconds
Platform modules already initialized, skipping
Refreshing native plugins compatible for Editor in 0.31 ms, found 0 plugins.
Preloading 0 native plugins for Editor in 0.00 ms.
Unloading 1113 Unused Serialized files (Serialized files now loaded: 0)
System memory in use before: 58.3 MB.
System memory in use after: 58.4 MB.

Unloading 4 unused Assets to reduce memory usage. Loaded Objects now: 1619.
Total: 2.634400 ms (FindLiveObjects: 0.219900 ms CreateObjectMapping: 0.067400 ms MarkObjects: 2.326000 ms  DeleteObjects: 0.019300 ms)

========================================================================
Received Prepare
Registering precompiled user dll's ...
Registered in 0.001045 seconds.
Begin MonoManager ReloadAssembly
Native extension for WindowsStandalone target not found
Native extension for WebGL target not found
Refreshing native plugins compatible for Editor in 0.42 ms, found 0 plugins.
Preloading 0 native plugins for Editor in 0.00 ms.
Invoked RoslynAnalysisRunner static constructor.
RoslynAnalysisRunner will not be running.
RoslynAnalysisRunner has terminated.
Mono: successfully reloaded assembly
- Completed reload, in  1.362 seconds
Platform modules already initialized, skipping
Refreshing native plugins compatible for Editor in 0.36 ms, found 0 plugins.
Preloading 0 native plugins for Editor in 0.00 ms.
Unloading 1113 Unused Serialized files (Serialized files now loaded: 0)
System memory in use before: 58.4 MB.
System memory in use after: 58.5 MB.

Unloading 4 unused Assets to reduce memory usage. Loaded Objects now: 1621.
Total: 2.792300 ms (FindLiveObjects: 0.207500 ms CreateObjectMapping: 0.061100 ms MarkObjects: 2.497800 ms  DeleteObjects: 0.024400 ms)

========================================================================
Received Prepare
Registering precompiled user dll's ...
Registered in 0.001112 seconds.
Begin MonoManager ReloadAssembly
Native extension for WindowsStandalone target not found
Native extension for WebGL target not found
Refreshing native plugins compatible for Editor in 0.32 ms, found 0 plugins.
Preloading 0 native plugins for Editor in 0.00 ms.
Invoked RoslynAnalysisRunner static constructor.
RoslynAnalysisRunner will not be running.
RoslynAnalysisRunner has terminated.
Mono: successfully reloaded assembly
- Completed reload, in  1.379 seconds
Platform modules already initialized, skipping
Refreshing native plugins compatible for Editor in 0.31 ms, found 0 plugins.
Preloading 0 native plugins for Editor in 0.00 ms.
Unloading 1113 Unused Serialized files (Serialized files now loaded: 0)
System memory in use before: 58.6 MB.
System memory in use after: 58.7 MB.

Unloading 4 unused Assets to reduce memory usage. Loaded Objects now: 1623.
Total: 2.762800 ms (FindLiveObjects: 0.305800 ms CreateObjectMapping: 0.068900 ms MarkObjects: 2.370100 ms  DeleteObjects: 0.016600 ms)

========================================================================
Received Prepare
Registering precompiled user dll's ...
Registered in 0.000979 seconds.
Begin MonoManager ReloadAssembly
Native extension for WindowsStandalone target not found
Native extension for WebGL target not found
Refreshing native plugins compatible for Editor in 0.32 ms, found 0 plugins.
Preloading 0 native plugins for Editor in 0.00 ms.
Invoked RoslynAnalysisRunner static constructor.
RoslynAnalysisRunner will not be running.
RoslynAnalysisRunner has terminated.
Mono: successfully reloaded assembly
- Completed reload, in  1.340 seconds
Platform modules already initialized, skipping
Refreshing native plugins compatible for Editor in 0.32 ms, found 0 plugins.
Preloading 0 native plugins for Editor in 0.00 ms.
Unloading 1113 Unused Serialized files (Serialized files now loaded: 0)
System memory in use before: 58.7 MB.
System memory in use after: 58.8 MB.

Unloading 4 unused Assets to reduce memory usage. Loaded Objects now: 1625.
Total: 2.537700 ms (FindLiveObjects: 0.239000 ms CreateObjectMapping: 0.057700 ms MarkObjects: 2.216900 ms  DeleteObjects: 0.022700 ms)

========================================================================
Received Prepare
Registering precompiled user dll's ...
Registered in 0.001021 seconds.
Begin MonoManager ReloadAssembly
Native extension for WindowsStandalone target not found
Native extension for WebGL target not found
Refreshing native plugins compatible for Editor in 0.35 ms, found 0 plugins.
Preloading 0 native plugins for Editor in 0.00 ms.
Invoked RoslynAnalysisRunner static constructor.
RoslynAnalysisRunner will not be running.
RoslynAnalysisRunner has terminated.
Mono: successfully reloaded assembly
- Completed reload, in  1.342 seconds
Platform modules already initialized, skipping
Refreshing native plugins compatible for Editor in 0.31 ms, found 0 plugins.
Preloading 0 native plugins for Editor in 0.00 ms.
Unloading 1113 Unused Serialized files (Serialized files now loaded: 0)
System memory in use before: 58.8 MB.
System memory in use after: 58.9 MB.

Unloading 4 unused Assets to reduce memory usage. Loaded Objects now: 1627.
Total: 2.570300 ms (FindLiveObjects: 0.230300 ms CreateObjectMapping: 0.073000 ms MarkObjects: 2.241900 ms  DeleteObjects: 0.023500 ms)

========================================================================
Received Prepare
Registering precompiled user dll's ...
Registered in 0.000985 seconds.
Begin MonoManager ReloadAssembly
Native extension for WindowsStandalone target not found
Native extension for WebGL target not found
Refreshing native plugins compatible for Editor in 0.31 ms, found 0 plugins.
Preloading 0 native plugins for Editor in 0.00 ms.
Invoked RoslynAnalysisRunner static constructor.
RoslynAnalysisRunner will not be running.
RoslynAnalysisRunner has terminated.
Mono: successfully reloaded assembly
- Completed reload, in  1.322 seconds
Platform modules already initialized, skipping
Refreshing native plugins compatible for Editor in 0.30 ms, found 0 plugins.
Preloading 0 native plugins for Editor in 0.00 ms.
Unloading 1113 Unused Serialized files (Serialized files now loaded: 0)
System memory in use before: 58.9 MB.
System memory in use after: 59.0 MB.

Unloading 4 unused Assets to reduce memory usage. Loaded Objects now: 1629.
Total: 2.499500 ms (FindLiveObjects: 0.205500 ms CreateObjectMapping: 0.065800 ms MarkObjects: 2.203900 ms  DeleteObjects: 0.022800 ms)

========================================================================
Received Prepare
Registering precompiled user dll's ...
Registered in 0.001021 seconds.
Begin MonoManager ReloadAssembly
Native extension for WindowsStandalone target not found
Native extension for WebGL target not found
Refreshing native plugins compatible for Editor in 0.32 ms, found 0 plugins.
Preloading 0 native plugins for Editor in 0.00 ms.
Invoked RoslynAnalysisRunner static constructor.
RoslynAnalysisRunner will not be running.
RoslynAnalysisRunner has terminated.
Mono: successfully reloaded assembly
- Completed reload, in  1.335 seconds
Platform modules already initialized, skipping
Refreshing native plugins compatible for Editor in 0.31 ms, found 0 plugins.
Preloading 0 native plugins for Editor in 0.00 ms.
Unloading 1113 Unused Serialized files (Serialized files now loaded: 0)
System memory in use before: 59.0 MB.
System memory in use after: 59.1 MB.

Unloading 4 unused Assets to reduce memory usage. Loaded Objects now: 1631.
Total: 2.561100 ms (FindLiveObjects: 0.212400 ms CreateObjectMapping: 0.061600 ms MarkObjects: 2.270400 ms  DeleteObjects: 0.015400 ms)

========================================================================
Received Prepare
Registering precompiled user dll's ...
Registered in 0.001004 seconds.
Begin MonoManager ReloadAssembly
Native extension for WindowsStandalone target not found
Native extension for WebGL target not found
Refreshing native plugins compatible for Editor in 0.58 ms, found 0 plugins.
Preloading 0 native plugins for Editor in 0.00 ms.
Invoked RoslynAnalysisRunner static constructor.
RoslynAnalysisRunner will not be running.
RoslynAnalysisRunner has terminated.
Mono: successfully reloaded assembly
- Completed reload, in  1.374 seconds
Platform modules already initialized, skipping
Refreshing native plugins compatible for Editor in 0.31 ms, found 0 plugins.
Preloading 0 native plugins for Editor in 0.00 ms.
Unloading 1113 Unused Serialized files (Serialized files now loaded: 0)
System memory in use before: 58.2 MB.
System memory in use after: 58.3 MB.

Unloading 4 unused Assets to reduce memory usage. Loaded Objects now: 1633.
Total: 2.506700 ms (FindLiveObjects: 0.223900 ms CreateObjectMapping: 0.069700 ms MarkObjects: 2.188100 ms  DeleteObjects: 0.023500 ms)

========================================================================
Received Prepare
Registering precompiled user dll's ...
Registered in 0.000986 seconds.
Begin MonoManager ReloadAssembly
Native extension for WindowsStandalone target not found
Native extension for WebGL target not found
Refreshing native plugins compatible for Editor in 0.32 ms, found 0 plugins.
Preloading 0 native plugins for Editor in 0.00 ms.
Invoked RoslynAnalysisRunner static constructor.
RoslynAnalysisRunner will not be running.
RoslynAnalysisRunner has terminated.
Mono: successfully reloaded assembly
- Completed reload, in  1.373 seconds
Platform modules already initialized, skipping
Refreshing native plugins compatible for Editor in 0.31 ms, found 0 plugins.
Preloading 0 native plugins for Editor in 0.00 ms.
Unloading 1113 Unused Serialized files (Serialized files now loaded: 0)
System memory in use before: 58.3 MB.
System memory in use after: 58.4 MB.

Unloading 4 unused Assets to reduce memory usage. Loaded Objects now: 1635.
Total: 2.647600 ms (FindLiveObjects: 0.252800 ms CreateObjectMapping: 0.076500 ms MarkObjects: 2.292800 ms  DeleteObjects: 0.017200 ms)

========================================================================
Received Prepare
Registering precompiled user dll's ...
Registered in 0.001009 seconds.
Begin MonoManager ReloadAssembly
Native extension for WindowsStandalone target not found
Native extension for WebGL target not found
Refreshing native plugins compatible for Editor in 0.33 ms, found 0 plugins.
Preloading 0 native plugins for Editor in 0.00 ms.
Invoked RoslynAnalysisRunner static constructor.
RoslynAnalysisRunner will not be running.
RoslynAnalysisRunner has terminated.
Mono: successfully reloaded assembly
- Completed reload, in  1.378 seconds
Platform modules already initialized, skipping
Refreshing native plugins compatible for Editor in 0.34 ms, found 0 plugins.
Preloading 0 native plugins for Editor in 0.00 ms.
Unloading 1113 Unused Serialized files (Serialized files now loaded: 0)
System memory in use before: 58.4 MB.
System memory in use after: 58.5 MB.

Unloading 4 unused Assets to reduce memory usage. Loaded Objects now: 1637.
Total: 2.880200 ms (FindLiveObjects: 0.342600 ms CreateObjectMapping: 0.129900 ms MarkObjects: 2.377700 ms  DeleteObjects: 0.027700 ms)

